
Query Nr. 1
-- Wieviele Abstimmungsvorlagen gab es im Jahr 2000?
SELECT COUNT(*) as anzahl_abstimmungsvorlagen_im_jahr_2000 FROM abstimmungsvorlagen_seit_1971 as T JOIN spatial_unit as S on T.spatialunit_uid = S.spatialunit_uid WHERE S.name_de='Schweiz' AND S.country=TRUE AND T.jahr=2000;
=======================================================
 anzahl_abstimmungsvorlagen_im_jahr_2000
                                      12

Query Nr. 2
-- Wieviele Abstimmungsvorlagen gab es seit dem Jahr 1971?
SELECT COUNT(*) as anzahl_abstimmungsvorlagen_seit_1971 FROM abstimmungsvorlagen_seit_1971 as T JOIN spatial_unit as S on T.spatialunit_uid = S.spatialunit_uid WHERE S.name_de='Schweiz' AND S.country=TRUE;
=======================================================
 anzahl_abstimmungsvorlagen_seit_1971
                                  624

Query Nr. 3
-- Wieviele Volksabstimmungen wurden 1995 in der Schweiz durchgeführt?
SELECT SUM(T.anzahl_abstimmungsvorlagen) AS anzahl_abstimmungen_1995 FROM abstimmungsvorlagen_seit_1971 as T JOIN spatial_unit AS S ON T.spatialunit_uid = S.spatialunit_uid WHERE S.name_de='Schweiz' AND S.country=TRUE AND jahr = '1995';
=======================================================
 anzahl_abstimmungen_1995
                        7

Query Nr. 4
-- Welches Jahr hatte die meisten Volksabstimmungen in der Schweiz?
SELECT jahr as jahr_mit_meisten_abstimmungen FROM abstimmungsvorlagen_seit_1971 GROUP BY anzahl_abstimmungsvorlagen ORDER BY jahr LIMIT 1;
=======================================================
 jahr_mit_meisten_abstimmungen
                          1994

Query Nr. 5
-- Was war die 5 dominantesten Themen bei den Volksabstimmungen über die Jahre in der Schweiz?
SELECT thema FROM abstimmungsvorlagen_seit_1971 as T JOIN spatial_unit as S on T.spatialunit_uid = S.spatialunit_uid WHERE S.name_de='Schweiz' AND S.country=TRUE GROUP BY thema ORDER BY SUM(anzahl_abstimmungsvorlagen) DESC LIMIT 5;
=======================================================
                     thema
             Sozialpolitik
             Staatsordnung
      Öffentliche Finanzen
 Verkehr und Infrastruktur
                Wirtschaft

Query Nr. 6
-- In welchem Jahr gab es die meisten Volksabstimmungen zum Thema Religion in der Schweiz?
SELECT T.thema, T.jahr, T.anzahl_abstimmungsvorlagen FROM abstimmungsvorlagen_seit_1971 as T JOIN spatial_unit as S on T.spatialunit_uid = S.spatialunit_uid WHERE S.name_de='Schweiz' AND S.country=TRUE AND T.thema LIKE '%Religion%' AND anzahl_abstimmungsvorlagen != 0 ORDER BY anzahl_abstimmungsvorlagen DESC LIMIT 1;
=======================================================
                    thema jahr anzahl_abstimmungsvorlagen
 Kultur, Religion, Medien 2022                          2

Query Nr. 7
-- Welches 3 Themen hatten die wenigsten Volksabstimmungen in der Schweiz?
SELECT T.thema, SUM(T.anzahl_abstimmungsvorlagen) as abstimmungsvorlagen_pro_thema FROM abstimmungsvorlagen_seit_1971 as T JOIN spatial_unit as S on T.spatialunit_uid = S.spatialunit_uid GROUP BY T.thema ORDER BY abstimmungsvorlagen_pro_thema ASC LIMIT 3;
=======================================================
                    thema abstimmungsvorlagen_pro_thema
 Kultur, Religion, Medien                            14
                  Energie                            16
    Bildung und Forschung                            19

Query Nr. 8
-- In welchem Jahr gab es die grösste Diversität von Themen bei Volksabstimmungen?
SELECT COUNT(DISTINCT(thema)) as anzahl_themen_pro_jahr, jahr FROM abstimmungsvorlagen_seit_1971 as T JOIN spatial_unit as S on T.spatialunit_uid = S.spatialunit_uid WHERE anzahl_abstimmungsvorlagen <> 0 GROUP BY T.jahr ORDER BY anzahl_themen_pro_jahr DESC LIMIT 1;
=======================================================
 anzahl_themen_pro_jahr jahr
                      8 1992

Query Nr. 9
-- Was war die Anzahl von Volksabstimmungen der Schweiz pro Jahr in den letzten 10 Jahren?
SELECT SUM(T.anzahl_abstimmungsvorlagen) as durchschnittliche_anzahl_abstimmmungen, T.jahr FROM abstimmungsvorlagen_seit_1971 as T JOIN spatial_unit as S on T.spatialunit_uid = S.spatialunit_uid GROUP BY T.jahr ORDER BY T.jahr DESC LIMIT 10;
=======================================================
 durchschnittliche_anzahl_abstimmmungen jahr
                                     11 2022
                                     13 2021
                                      9 2020
                                      3 2019
                                     10 2018
                                      7 2017
                                     13 2016
                                      6 2015
                                     12 2014
                                     11 2013

Query Nr. 10
-- In welchem Jahren gab es die Volksabstimmungen zum Thema Energie in der Schweiz?
SELECT T.jahr FROM abstimmungsvorlagen_seit_1971 as T JOIN spatial_unit as S on T.spatialunit_uid = S.spatialunit_uid WHERE S.name_de='Schweiz' AND S.country=TRUE AND T.thema LIKE '%Energie%' AND anzahl_abstimmungsvorlagen != 0 ORDER BY jahr DESC;
=======================================================
 jahr
 2017
 2016
 2003
 2002
 2001
 2000
 1990
 1984
 1983
 1979

Query Nr. 11
-- Welches waren die Themen der Volksabstimmungen in 2022?
SELECT DISTINCT(T.thema) FROM abstimmungsvorlagen_seit_1971 as T JOIN spatial_unit as S on T.spatialunit_uid = S.spatialunit_uid WHERE S.name_de='Schweiz' AND S.country=TRUE AND T.jahr = '2022' AND anzahl_abstimmungsvorlagen != 0;
=======================================================
                    thema
            Aussenpolitik
           Landwirtschaft
     Öffentliche Finanzen
            Sozialpolitik
    Bildung und Forschung
 Kultur, Religion, Medien

Query Nr. 12
-- In welchem Jahren war die Wirtschaft ein Thema in Volksabstimmungen?
SELECT T.jahr FROM abstimmungsvorlagen_seit_1971 as T JOIN spatial_unit as S on T.spatialunit_uid = S.spatialunit_uid WHERE S.name_de='Schweiz' AND S.country=TRUE AND T.thema LIKE '%Wirtschaft%' AND anzahl_abstimmungsvorlagen != 0 ORDER BY jahr DESC;
=======================================================
 jahr
 2022
 2020
 2020
 2018
 2018
 2017
 2016
 2014
 2013
 2012
 2012
 2005
 2005
 2002
 1998
 1998
 1996
 1996
 1995
 1994
 1993
 1990
 1989
 1988
 1986
 1985
 1985
 1984
 1982
 1981
 1978
 1978
 1976
 1975
 1973
 1972

Query Nr. 13
-- Welches Thema hatte die meisten Volksabstimmungen in den Jahren 1990 bis 2000?
SELECT thema, SUM(anzahl_abstimmungsvorlagen) as vorlagen_pro_thema FROM abstimmungsvorlagen_seit_1971 as T JOIN spatial_unit as S on T.spatialunit_uid = S.spatialunit_uid WHERE S.name_de='Schweiz' AND S.country=TRUE AND jahr BETWEEN 1990 AND 2000 GROUP BY thema ORDER BY vorlagen_pro_thema DESC LIMIT 1;
=======================================================
         thema vorlagen_pro_thema
 Sozialpolitik                 28

Query Nr. 14
-- Welches Thema hatte die wenigsten Volksabstimmungen in den Jahren 1990 bis 2000?
SELECT thema, SUM(anzahl_abstimmungsvorlagen) as vorlagen_pro_thema FROM abstimmungsvorlagen_seit_1971 as T JOIN spatial_unit as S on T.spatialunit_uid = S.spatialunit_uid WHERE S.name_de='Schweiz' AND S.country=TRUE AND anzahl_abstimmungsvorlagen != 0 AND jahr BETWEEN 1990 AND 2000 GROUP BY thema ORDER BY vorlagen_pro_thema ASC LIMIT 1;
=======================================================
                    thema vorlagen_pro_thema
 Kultur, Religion, Medien                  2

Query Nr. 15
-- Wann gab es die erste Volksabstimmungen ueber Sozialpolitik?
SELECT MIN(jahr) as erstes_jahr FROM abstimmungsvorlagen_seit_1971 as T JOIN spatial_unit as S on T.spatialunit_uid = S.spatialunit_uid WHERE S.name_de='Schweiz' AND S.country=TRUE AND anzahl_abstimmungsvorlagen != 0 AND T.thema LIKE '%Sozialpolitik%';
=======================================================
 erstes_jahr
        1972

Query Nr. 16
-- Wann gab es die letzte Volksabstimmungen zum Thema Forschung?
SELECT MAX(jahr) as jahr_letzte_abstimmung FROM abstimmungsvorlagen_seit_1971 as T JOIN spatial_unit as S on T.spatialunit_uid = S.spatialunit_uid WHERE S.name_de='Schweiz' AND S.country=TRUE AND anzahl_abstimmungsvorlagen != 0 AND T.thema LIKE '%Forschung%';
=======================================================
 jahr_letzte_abstimmung
                   2022

Query Nr. 17
-- Wieviele Abstimmung gab es insgesamt zu Bildungsthemen?
SELECT SUM(anzahl_abstimmungsvorlagen) as anzahl_abstimmungen_bildung FROM abstimmungsvorlagen_seit_1971 as T JOIN spatial_unit as S on T.spatialunit_uid = S.spatialunit_uid WHERE S.name_de='Schweiz' AND S.country=TRUE AND anzahl_abstimmungsvorlagen != 0 AND T.thema LIKE '%Bildung%';
=======================================================
 anzahl_abstimmungen_bildung
                          19

Query Nr. 18
-- Wieviele Volksabstimmungen gab es vor dem Jahr 2000 zum Thema Energie?
SELECT SUM(anzahl_abstimmungsvorlagen) as anzahl_abstimmungen_energie FROM abstimmungsvorlagen_seit_1971 as T JOIN spatial_unit as S on T.spatialunit_uid = S.spatialunit_uid WHERE S.name_de='Schweiz' AND S.country=TRUE AND anzahl_abstimmungsvorlagen != 0 AND T.thema LIKE '%Energie%' AND jahr < 2000;
=======================================================
 anzahl_abstimmungen_energie
                           8

Query Nr. 19
-- In wievielen Jahren gab es Volksabstimmungen zum Thema Aussenpolitik?
SELECT COUNT(jahr) as anzahl_jahre_aussenpolitik FROM abstimmungsvorlagen_seit_1971 as T JOIN spatial_unit as S on T.spatialunit_uid = S.spatialunit_uid WHERE S.name_de='Schweiz' AND S.country=TRUE AND anzahl_abstimmungsvorlagen != 0 AND T.thema LIKE '%Aussenpolitik%';
=======================================================
 anzahl_jahre_aussenpolitik
                         18

Query Nr. 20
-- In welchen Jahren war Sicherheit ein Thema bei Volksabstimmungen?
SELECT jahr FROM abstimmungsvorlagen_seit_1971 as T JOIN spatial_unit as S on T.spatialunit_uid = S.spatialunit_uid WHERE S.name_de='Schweiz' AND S.country=TRUE AND anzahl_abstimmungsvorlagen != 0 AND T.thema LIKE '%Sicherheit%' ORDER BY jahr DESC;
=======================================================
 jahr
 2021
 2020
 2019
 2016
 2014
 2013
 2003
 2001
 2000
 1998
 1997
 1996
 1993
 1992
 1991
 1989
 1987
 1984
 1980
 1978
 1977
 1972
