[1] "Environment: REMOTE, Time: 2023-11-10 10:43:50.930442"

Query Nr. 1
-- How many girls borned in 2014 in Switzeland is named as Lena. Return me the rank as well.
SELECT amount, rank FROM baby_names_favorite_firstname as bnff JOIN spatial_unit as su ON bnff.spatialunit_uid = su.spatialunit_uid WHERE year = 2014     AND bnff.gender = 'girl'     AND bnff.first_name = 'Lena'     AND su.name = 'Switzerland'     AND su.country = 'TRUE';
 amount rank
    264   13

Query Nr. 2
-- Show me the most popular names of girls in Switzerland in 2016.
SELECT first_name, gender, amount, rank FROM baby_names_favorite_firstname as bnff JOIN spatial_unit as su ON bnff.spatialunit_uid = su.spatialunit_uid WHERE year = 2016 and gender = 'girl' AND su.country = 'True' AND su.name = 'Switzerland' ORDER BY bnff.amount DESC LIMIT 1;
 first_name gender amount rank
        Mia   girl    488    1

Query Nr. 3
-- How many girls new borned with name initial L from canton Zurich in 2016?
SELECT sum(amount) FROM baby_names_favorite_firstname as bnff JOIN spatial_unit as su ON bnff.spatialunit_uid = su.spatialunit_uid WHERE year = 2016 AND gender = 'girl' AND su.canton = 'True' AND su.name ilike '%zurich%' AND bnff.first_name ilike 'l%';
  sum
 1205

Query Nr. 4
-- How many boys were registered in Canton Valais in year 2011?
SELECT sum(amount) FROM baby_names_favorite_firstname as bnff JOIN spatial_unit as su ON bnff.spatialunit_uid = su.spatialunit_uid WHERE year = 2011 AND gender = 'boy' AND su.name ilike '%valais%' AND su.canton = 'TRUE';
  sum
 1378

Query Nr. 5
-- Which canton has the most borned boys called 'Oscar' in 2016?
SELECT su.name, bnff.amount FROM baby_names_favorite_firstname as bnff JOIN spatial_unit as su ON bnff.spatialunit_uid = su.spatialunit_uid WHERE year = 2016 AND gender = 'boy' AND bnff.first_name = 'Oscar' AND su.canton = 'TRUE' ORDER BY bnff.amount DESC LIMIT 1;
        name amount
 Canton Vaud     16

Query Nr. 6
-- How many favorite babynames are registered in year 2011?
SELECT DISTINCT COUNT(bnff.first_name) FROM baby_names_favorite_firstname as bnff WHERE bnff.year = 2011;
  count
 146367

Query Nr. 7
-- Please list all registered baby names in Canton Zug in all years. Return me the result in order of alphabets.
SELECT DISTINCT bnff.first_name FROM baby_names_favorite_firstname as bnff JOIN spatial_unit as su ON bnff.spatialunit_uid = su.spatialunit_uid WHERE su.name ilike '%Zug%' and su.canton = 'TRUE' ORDER BY bnff.first_name;
  first_name
     Aadhini
     Aadhira
      Aadhya
     Aadisha
      Aadvik
       Aadya
      Aahana
     Aaliyah
        Aari
      Aarish
       Aaron
      Aarush
      Aaryan
      Aathin
    Aathiran
        Aava
      Aayana
      Abanob
       Abbas
        Abby
      Abdoul
   Abdoulaye
       Abdul
  Abdulhamid
    Abdullah
        Abel
     Abigael
     Abigail
     Abigaël
   Abigaëlle
     Abigaïl
   Aboubacar
     Abraham
       Abril
     Achille
   Achilleas
    Achilles
        Acyl
         Ada
     Adaline
        Adam
        Adan
        Adar
       Adara
        Adea
        Adel
       Adela
    Adelaide
       Adele
      Adelin
     Adelina
     Adeline
      Adelio
     Adelisa
        Adem
        Aden
       Adham
      Adhira
         Adi
       Adiam
       Adian
        Adil
        Adin
       Adina
       Adira
       Adisa
       Aditi
        Adna
       Adnan
        Adni
      Adonay
      Adonis
        Ador
       Adora
      Adrian
     Adriana
     Adriann
     Adriano
      Adriel
      Adrien
     Adrijan
    Adrijana
      Adriàn
      Adrián
     Adryana
       Advik
       Adyan
       Adèle
        Adél
    Adélaïde
      Adélia
      Adélie
       Aeden
        Aela
       Aelia
      Aeneas
       Afifa
      Afonso
        Agan
      Agaran
       Agata
      Agatha
      Agathe
     Aggelos
       Agnes
      Agnesa
      Agnese
       Agnès
        Agon
      Ahaana
        Ahan
       Ahana
        Ahil
       Ahmad
       Ahmed
       Ahmet
       Ahsen
       Aiana
        Aias
       Aicha
         Aid
        Aida
       Aidan
       Aiden
        Aila
       Ailan
      Ailana
      Aileen
       Ailin
      Ailina
       Aiman
       Aimie
        Aimo
        Aimé
       Aimée
        Aina
      Ainhoa
        Aino
       Ainoa
        Aira
        Airi
       Aisha
    Aissatou
      Aitana
       Aitor
       Aiven
      Aiyana
        Aiza
        Ajan
       Ajana
       Ajden
       Ajdin
        Ajka
        Ajla
       Ajlan
       Ajlin
      Ajlina
        Ajna
       Ajshe
        Ajša
        Akay
        Akil
        Akin
       Akira
       Akram
        Aksa
       Aksel
     Akshara
     Akshaya
    Akshayan
         Ala
       Alaia
       Alain
        Alan
       Alana
       Alani
      Alanna
       Alara
      Alaric
      Alarik
       Alaya
      Alayah
      Alayna
       Alaïa
        Alba
       Alban
      Albert
   Albertine
     Alberto
      Albion
      Aldina
        Aldo
       Aldon
       Aldor
        Alea
       Aleah
    Aleandro
        Alec
      Alegra
       Aleia
       Aleja
   Alejandra
   Alejandro
      Alejna
       Aleks
      Aleksa
  Aleksandar
  Aleksander
  Aleksandra
     Aleksej
     Aleksey
    Aleksija
        Alem
        Alen
       Alena
       Alend
      Alenia
      Alenja
        Aleo
      Alesia
  Alessandra
  Alessandro
     Alessia
     Alessio
     Alessya
        Alex
       Alexa
   Alexander
   Alexandra
   Alexandre
  Alexandros
   Alexandru
      Alexej
      Alexey
       Alexi
      Alexia
      Alexio
      Alexis
       Aleya
      Aleyah
      Aleyna
      Alfred
     Alfredo
         Ali
        Alia
       Aliah
      Aliana
       Alice
      Alicia
      Alicja
       Alida
       Alija
        Alim
        Alin
       Alina
       Aline
        Alis
       Alisa
      Aliseo
      Alisha
      Alisia
      Alison
      Alissa
     Alissia
    Alistair
       Alita
        Alix
       Aliya
      Aliyah
      Aliyan
      Aliyar
      Alizéa
      Alizée
     Aliénor
       Alkis
       Allan
     Allegra
        Ally
     Allyson
        Alma
      Almaas
     Almedin
      Almila
      Almina
       Almir
      Almira
       Alois
     Alondra
      Alonso
       Alora
       Aloys
       Aloïs
         Alp
   Alparslan
       Alper
     Alperen
        Alta
       Altea
       Altin
        Alva
      Alvaro
       Alvin
      Alvina
       Alwin
        Alya
       Alyah
      Alycia
       Alyna
      Alysha
      Alyson
      Alyssa
     Alyssia
        Alyx
      Alícia
        Alíz
      Amaara
      Amadeo
     Amadeus
      Amadou
       Amael
       Amaia
       Amaja
        Amal
       Amala
      Amalia
      Amalie
     Amaliya
      Amalya
        Aman
      Amanda
    Amandine
       Amani
       Amant
     Amanuel
        Amar
       Amara
       Amari
       Amaro
       Amaru
      Amaury
       Amaya
      Amayah
       Amaël
       Amber
       Ambra
       Ambre
    Ambroise
        Amea
      Amedeo
      Ameera
        Amel
       Amela
      Amelia
      Amelie
      Amelio
       Amely
        Amen
        Ameo
        Amer
        Amia
      Amicia
        Amil
       Amila
      Amilia
        Amin
       Amina
      Aminah
     Aminata
       Amine
    Aminedab
        Amir
       Amira
      Amirah
       Amjad
        Amla
       Ammar
        Amna
         Amo
        Amon
        Amos
        Amra
         Amy
        Amya
      Amália
      Amélia
      Amélie
      Amélya
         Ana
      Anabel
    Anabelle
       Anahi
      Analia
   Anamarija
     Anamika
      Ananya
        Anas
   Anastasia
  Anastasija
  Anastassia
     Anatole
       Anaya
      Anayah
        Anaé
        Anaë
     Anaëlle
       Anaïs
      Andela
       Ander
        Andi
     Andjela
   Andjelija
   Andjelina
        Ando
       Andra
      Andrea
     Andreas
      Andrei
      Andrej
      Andres
      Andrew
      Andrey
       Andri
     Andrija
      Andrin
     Andrina
      Andris
       Andro
      Andrra
       André
      Andréa
      Andrés
     Anduena
        Andy
        Anea
        Anel
       Anela
        Anes
       Anesa
       Aneya
       Angel
      Angela
    Angelina
      Angelo
     Angelos
       Angie
      Angèle
    Angéline
   Angélique
         Ani
        Ania
        Anic
        Anid
       Anida
        Anik
       Anika
        Anil
       Anila
       Anina
       Anine
        Anir
        Anis
       Anisa
      Anisha
      Anisia
     Anisija
      Anissa
       Anita
        Anja
      Anjali
         Ann
  Ann-Sophie
        Anna
    Annabell
   Annabelle
    Annalena
    Annalina
   Annamaria
        Anne
  Anne-Marie
 Anne-Sophie
     Annette
        Anni
       Annic
       Annie
       Annik
      Annika
      Annina
     Annique
        Anny
        Anor
       Anouk
       Ansar
        Ante
       Anteo
      Anthea
      Anthon
     Anthony
     Antoine
       Anton
   Antonella
      Antoni
     Antonia
     Antonin
     Antonio
    Antonios
    Antonius
      Antony
       Anuar
        Anuk
        Anya
      Anélya
    Apolline
      Apollo
   Apollonia
    Apolonia
       April
    Arabella
        Aram
      Aramis
        Aran
        Aras
        Araz
         Arb
       Arber
      Arbian
       Arbor
       Arbër
      Archer
   Archibald
      Archie
        Arda
       Arden
      Ardian
     Ardonit
        Arel
        Aren
        Ares
      Arezou
       Arham
         Ari
        Aria
     Ariadna
     Ariadni
       Ariam
       Arian
      Ariana
      Ariane
     Arianna
      Ariano
        Aric
       Ariel
      Ariela
     Ariella
     Arielle
       Arien
        Arif
      Arijan
     Arijana
      Arijon
        Arik
     Arilena
        Arin
       Arina
        Ario
      Ariola
       Arion
        Aris
       Arisa
       Ariya
      Ariyan
        Ariz
        Arja
       Arjan
      Arjana
       Arjen
       Arjin
      Arjola
      Arjona
       Arjun
       Arlen
      Arlena
     Arlette
      Arlind
        Arlo
      Armaan
       Arman
      Armand
     Armando
       Armel
      Armela
       Armin
       Armon
       Arnau
      Arnaud
        Arno
      Arnold
        Aroa
        Aron
      Arsema
       Arsen
    Arsenije
      Arslan
      Arsène
         Art
        Arta
       Artan
     Artemis
      Arthur
        Arti
       Artin
       Artur
      Arturo
        Arun
       Arush
     Aruthra
       Arven
       Arvid
       Arvin
        Arwa
       Arwen
       Arwin
        Arya
       Aryam
       Aryan
      Aryana
       Aryas
        Arès
       Asaël
       Aseel
        Asel
       Asher
      Ashika
      Ashley
    Ashwanth
      Ashwin
        Asia
        Asil
        Asim
       Asiya
        Asja
       Aslan
       Aslin
        Asma
       Asmen
       Asmin
        Asra
       Assia
      Assiya
       Assya
      Astrid
       Asuna
        Asya
         Ata
      Atanas
       Atdhe
       Atena
      Atharv
      Athena
      Athina
       Athos
      Athéna
      Atilla
       Atina
       Atlas
      Attila
        Aude
      Audrey
      August
     Auguste
    Augustin
   Augustine
        Auin
       Aulon
      Aulona
        Aura
       Aurea
       Aurel
      Aurela
     Aurelia
    Aurelian
   Aureliano
     Aurelio
    Aurelius
        Auri
       Aurin
       Auron
      Aurora
      Aurore
      Aurèle
     Aurélia
     Aurélie
    Aurélien
      Austin
         Ava
    Ava-Rose
       Avani
     Avelina
     Aveline
       Avery
      Avesta
         Avi
       Aviel
        Avin
       Avina
       Avril
       Avyan
         Awa
        Axel
      Axelle
         Aya
       Ayaan
        Ayah
       Ayala
       Ayame
        Ayan
       Ayana
      Ayanna
        Ayas
        Ayaz
      Aybars
      Aybüke
        Ayda
       Aydan
       Ayden
       Aydin
       Aydon
      Ayesha
       Ayhan
      Ayiana
       Aykan
        Ayla
       Aylah
       Aylan
       Aylea
      Ayleen
       Aylen
       Aylia
       Aylie
       Aylin
      Aylina
      Ayline
       Aylis
       Ayliz
       Aylla
       Ayman
        Ayna
      Aynara
       Aynur
       Ayoub
        Ayra
      Ayrton
       Aysha
        Ayub
       Ayumi
       Ayuna
        Ayza
        Azad
      Azahel
      Azaher
      Azalea
      Azalée
      Azarya
       Azhar
        Aziz
       Aziza
       Azlan
        Azra
        Azur
     Azzurra
      Açelya
       Aïcha
       Aïdan
       Aïden
        Aïna
       Aïsha
        Aïvy
       Bahar
      Bailey
      Bajram
      Baldur
   Balthasar
   Balthazar
        Balz
        Bana
    Baptiste
       Barad
       Baran
     Barbara
     Bashkim
       Basil
      Basile
       Basma
     Bastian
     Bastien
     Batiste
        Batu
        Baya
        Beat
    Beatrice
     Beatrix
     Beatriz
        Beda
       Bekim
        Bela
       Belen
     Belinay
       Bella
       Belén
         Ben
      Benaja
       Benan
       Bence
   Benedetta
    Benedict
    Benedikt
    Benedita
      Benett
     Benicio
    Benjamim
    Benjamin
      Bennet
     Bennett
       Benni
       Benno
      Benoît
       Bento
    Benyamin
       Beran
       Berat
      Berfin
       Berin
      Berkay
     Bernard
    Bernardo
    Bernhard
       Besim
   Betelihem
      Betiel
       Beyza
      Bianca
      Bianka
       Bigna
       Bilal
      Billie
       Billy
     Bitania
    Bitaniya
     Bitanya
      Bjarne
       Bjord
       Björn
      Blagoj
       Blake
      Blanca
        Blea
       Blend
       Bleta
        Blin
       Blina
       Blion
        Blue
          Bo
        Boas
        Bodo
      Bogdan
       Bojan
      Bonnie
        Bora
       Boris
       Bosco
      Botond
    Boubacar
      Bracha
     Bradley
      Brando
     Brandon
      Brayan
      Brayen
       Brian
      Briana
     Brianna
        Bron
       Bruce
        Bruk
       Bruna
       Bruno
       Bryan
      Bryana
        Buna
       Burak
     Bárbara
    Béatrice
        Béla
    Bérénice
       Büsra
     Caetana
        Caio
     Caitlin
     Caitlyn
       Caleb
        Cali
       Calie
     Calista
      Callie
      Calvin
     Cameron
        Cami
       Camil
      Camila
      Camill
     Camilla
     Camille
     Camillo
      Camilo
         Can
     Candela
     Candice
    Capucine
        Cara
      Carina
        Carl
       Carla
       Carlo
      Carlos
     Carlota
    Carlotta
     Carmelo
      Carmen
    Carminho
       Carol
      Carola
    Carolina
    Caroline
       Casey
     Casimir
      Caspar
      Casper
   Cassandra
   Cassandre
     Cassian
      Cassie
   Cassiopée
     Castiel
    Castille
     Catalea
    Cataleya
     Catalia
    Catalina
     Catalya
    Catarina
    Caterina
   Catherine
        Cato
      Cayden
      Cecile
     Cecilia
      Cedric
     Celeste
       Celia
      Celian
      Celina
      Celine
       Celio
         Cem
       Ceren
       Cesar
      Cesare
       Ceyda
      Ceylin
      Cezary
      Chanel
     Chantal
    Charlene
     Charles
     Charlie
    Charline
    Charlize
   Charlotta
   Charlotte
      Charly
    Charlyne
    Charlène
       Chaya
     Chelsea
     Chester
    Cheyenne
      Chiara
       Chloe
       Chloé
       Chloë
       Chris
   Christian
   Christina
   Christoph
  Christophe
 Christopher
    Christos
 Chukwuemeka
        Cian
       Ciara
 [ reached 'max' / getOption("max.print") -- omitted 4314 rows ]

Query Nr. 8
-- Show me all registered gender-universal names in Switzerland.
SELECT DISTINCT bnff.first_name FROM baby_names_favorite_firstname as bnff JOIN spatial_unit as su ON bnff.spatialunit_uid = su.spatialunit_uid WHERE su.name ilike '%Switzerland%' and su.country = 'TRUE' and gender = 'girl' intersect SELECT DISTINCT bnff.first_name FROM baby_names_favorite_firstname as bnff JOIN spatial_unit as su ON bnff.spatialunit_uid = su.spatialunit_uid WHERE su.name ilike '%Switzerland%' and su.country = 'TRUE' and gender = 'boy';
 first_name
       Nova
       Amen
    Camille
       Mavi
       Leni
       Mian
     Charly
      Elvin
        Eli
     Maxime
      Lavin
       Elie
       Juli
      Lorin
        Noé
       Nalu
       Adel
       Rumi
       Iman
     Lilian
       Erin
       Jona
    Charlie
      Dilan
      Maloé
     Léonor
       Nima
      Amine
      Riley
      Malin
      Viyan
     Kelani
       Niki
      Quinn
      Robin
      Sacha
      Ariel
        Dea
        Mar
      Yuval
       Asil
        Lio
       Lilo
      Deniz
        Maé
      Lovis
       Anik
       Alix
       Joan
       Mika
       Eden
       Juno
     Andrea
       Ezra
       Elia
      Sasha
       Ilay
     Taylor
       Kaya
      Ellis
       Yuki
       Nika
     Elisha
       Luca
      Jessy
        Nil
       Lumi
      Karol
        Isa
        Sam
        Soa
      Amari
       Arin
       Noor
       Esra
     Marley
       Toni
       Blue
       Zola
      Akira
      Sonam
       Arya
       Enea
       Ciel
       Yael
       Amel
       Mahé
     Mekseb
       Elis
        Sol
      Kayra
      Nilay
        Lou
       Leny
       Elya
     Nikita
       Zana
     Tenzin
     Eliyah
        Noa
       Deva
        Noe
     Michal
      Jamie
      Shane
       Noah
     Simone

Query Nr. 9
-- Which canton has most borned girls registed in 2011?
SELECT sum(bnff.amount), su.name FROM baby_names_favorite_firstname as bnff JOIN spatial_unit as su ON bnff.spatialunit_uid = su.spatialunit_uid WHERE su.canton = 'TRUE' and bnff.gender = 'girl' and bnff.year = 2011 GROUP BY su.name ORDER BY sum(bnff.amount) DESC LIMIT 1;
  sum             name
 6176 Canton of Zurich

Query Nr. 10
-- Which canton has least borned boys registed in 2011?
SELECT sum(bnff.amount), su.name FROM baby_names_favorite_firstname as bnff JOIN spatial_unit as su ON bnff.spatialunit_uid = su.spatialunit_uid WHERE su.canton = 'TRUE' and bnff.gender = 'boy' and bnff.year = 2011 GROUP BY su.name ORDER BY sum(bnff.amount) LIMIT 1;
 sum                            name
  90 Canton of Appenzell Innerrhoden

Query Nr. 11
-- Show me the top one ranking girl names from year 2010 in Switzerland.
SELECT bnff.first_name, bnff.year FROM baby_names_favorite_firstname as bnff JOIN spatial_unit as su ON bnff.spatialunit_uid = su.spatialunit_uid WHERE su.country = 'TRUE' and su.name ilike '%Switzerland%' and bnff.gender = 'girl' and bnff.year >= 2010 and bnff.rank = 1 ORDER BY bnff.year;
 first_name year
       Lara 2010
       Emma 2011
       Emma 2012
        Mia 2013
       Emma 2014
        Mia 2015
        Mia 2016
       Emma 2017
       Emma 2018
        Mia 2019
        Mia 2020
        Mia 2021
       Emma 2022

Query Nr. 12
-- Show me the top one ranking boy names for each year after 2012 in canton Zug. Fetch me the result in an ascending order of the year.
SELECT bnff.first_name, bnff.year FROM baby_names_favorite_firstname as bnff JOIN spatial_unit as su ON bnff.spatialunit_uid = su.spatialunit_uid WHERE su.canton = 'TRUE' and su.name ilike '%Zug%' and bnff.gender = 'boy' and bnff.year > 2012 and bnff.rank = 1 ORDER BY bnff.year;
 first_name year
     Andrin 2013
     Matteo 2014
        Tim 2014
     Julian 2015
      David 2015
       Luca 2016
       Nino 2017
  Alexander 2018
     Matteo 2018
      David 2019
     Matteo 2020
       Noah 2021
       Leon 2022

Query Nr. 13
-- All names that have been utilized by over 50 baby girls in canton Vaud. Please order the results by year.
SELECT bnff.first_name, bnff.year, bnff.amount FROM baby_names_favorite_firstname as bnff JOIN spatial_unit as su ON bnff.spatialunit_uid = su.spatialunit_uid WHERE su.canton = 'TRUE' and su.name ilike '%Vaud%'  and bnff.gender = 'girl' and bnff.amount > 50 ORDER BY bnff.year;
 first_name year amount
        Lea 2000     76
      Laura 2000     52
        Lea 2001     56
       Emma 2004     59
       Emma 2005     64
       Emma 2006     55
       Emma 2008     55
       Emma 2010     56
       Emma 2011     55
       Emma 2012     54
       Emma 2013     57
       Emma 2014     66
       Emma 2017     65
       Emma 2018     63
      Alice 2018     62
      Alice 2022     52

Query Nr. 14
-- How many baby names were registered?
SELECT DISTINCT COUNT(bnff.first_name) FROM baby_names_favorite_firstname as bnff;
   count
 3366441

Query Nr. 15
-- Show me all registered names in records.
SELECT DISTINCT bnff.first_name FROM baby_names_favorite_firstname as bnff;
   first_name
       Romain
         Gion
       Orfeas
       Cezary
       Ledian
        Erick
       Cornel
          Iva
        Edris
      Philine
         Lyon
      Aminata
     Victoria
          Vid
        Kajsa
      Avelina
       Tijana
       Yanick
         Ares
         Rita
       Inessa
        Osman
        Khloé
         Numa
        Izaya
     Viktoria
        Henry
          Téa
       Olivér
         Ejla
       Shefie
        Talea
        Lexie
      Wincent
        Aline
         Liar
         Sira
       Linaya
       Iulian
     Ludovico
        Josef
       Elisea
        Eliel
        Rania
        Fionn
         Mick
      Nazrawi
      Manuele
     Coraline
      Orpheas
      Aleksey
        Noyan
        Linus
        Nilas
        Louën
        Rabia
      Valerie
        Josua
      Raffael
     Georgios
    Christina
        Ahmet
         Eila
       Celian
        Joona
         Leni
         Adna
          Doa
        Lucie
     Gauthier
        Alain
        Helia
         Évan
        Lenna
       Josias
      Lavinja
         Maïc
         Adin
      Melodie
       Salome
     Leonhard
       Noémie
        Sevan
          Don
       Lamine
       Botond
          Jin
       Amalie
       Alizée
      Stefano
       Emília
       Ikenna
       Lilien
       Charly
          Emi
        Péter
        Paolo
      Solomia
       Axelle
       Lirjon
       Elwenn
       Shahin
      Chester
        Flynn
         Samu
       Alyson
      Carlota
        Zehra
        Arjun
        Salih
        Lilli
        Yeimy
       Louise
       Pierre
        Aïden
      Thibaud
        Elvis
        Diana
        Jonne
         Arun
         Erla
      Allegra
       Sesuna
        Abril
       Maelle
       Shimon
        Todor
       Marwan
       Davina
      Léonard
       Eliano
      Akshaya
         Rémi
        Kenza
         Niah
     Adrijana
     Hortense
      Aleksej
       Lazare
          Aid
        Assya
       Ismael
      Mathieu
        Asher
       Sumeya
         Eléa
       Louisa
     Johannes
        Rivin
        Aylin
       Feliks
      Ghelila
       Aleyna
      Marlena
        Avani
       Milica
       Moussa
        Suara
         Zyon
         Jaël
       Agaran
       Karlie
         Zion
         Edda
      Taliyah
       Martim
      Opaline
         Kara
         Ajka
      Florent
       Afonso
         Isak
      Dorotea
         Jane
        Dunja
       Oriana
          Keo
         Ediz
      Melaher
          Eli
        Eddie
        Viggo
      Gurbaaz
     Penelope
       Ismaël
       Damian
     Giuliano
      Orionas
          Mal
        Kélia
       Serwan
      Phileas
         Adni
        Ayden
         Xavi
         Luke
       Maxime
        Sanja
       Viktor
        Phill
         Nate
         Lola
        Lavin
        Anuar
        Naara
       Saphir
        Miria
        Elyam
        Ariya
          Ron
        Nando
         Ylvi
        Eléni
      Elliott
         Yaro
        Liona
         Rudi
         Eloá
       Markus
      Helynna
         Juli
         Hope
          Moa
      Gregory
        Aditi
        Issam
        Karim
        Elaia
     Nikolina
       Yashvi
       Ylenia
      Lavinia
        Dyana
        Yaman
       Yosief
         Pius
         Sara
        Ariam
         Oana
          Fyn
        Navin
      Marissa
       Yanara
         Auin
        Zeyan
       Devran
      Aadisha
        Heidi
          Ben
     Natalija
         Seid
        Shira
        Ahmad
        Björn
      Thibeau
        Jusra
        Enola
         Umay
        Thaïs
        Aryan
     Madlaina
     Lucienne
       Hannes
         Alta
         Nila
         Edin
         Siam
        Eilyn
       Yousuf
       Melody
        Basil
       Malick
       Malika
       Timaël
         Zoja
        Ronya
         Théa
        India
        Finia
          Lya
    Achilleas
      Étienne
        Miran
       Emélie
       Benoît
    Apollonia
     Eleonore
        Haïlé
      Johanna
         Arik
        Romeo
       Elikia
         Lévi
       Dionis
          Noé
       Marion
         Nalu
       Willow
        Yeliz
         Nail
        Selim
        Gradi
       Aramis
       Loresa
        Julie
       Odelia
         Aziz
         Naya
       Leonid
         Gini
      Filippa
        Flóra
        Reyan
       Hermon
      Michail
        Aylah
        Milas
        Dalia
     Solayman
       Selina
       Finlay
        Yadel
         Iman
         Snit
       Alenia
        Rafif
        Lejan
       Jérôme
         Blea
        Moris
   Clémentine
      Alperen
   Aleksandar
       Rachel
       Janoah
          Era
         Kiki
         Naïa
       Malonn
    Nathanaël
        Niilo
        Avery
      Deborah
        Ivana
         Leya
         Fynn
         Feya
        Hanaé
       Keylon
        Youna
        Duana
         Nilo
         Joey
       Rilind
        Ianis
        Loran
     Tiberius
      Gavrilo
        Dhiya
      Emilios
          Edi
        Aiven
         Laïa
        Tamim
      Armando
    Séraphine
     Benedict
       Ursula
        Lilia
      Emmelia
        Emile
         Zayn
        Magda
          Zac
        Namik
       Pietro
        Kyano
       Amelia
        Jakov
         Aren
        Denis
           Uy
          Mae
         Izia
         Riga
        Iason
      Mamadou
         Oona
       Renato
        Tuana
          Nia
        Roman
     Isabella
        Aiman
      Giorgio
     Nikoleta
        Lucas
      Rudhran
     Pénélope
         Alem
       Emilie
          Mey
        Idris
      Maxwell
        Daris
       Ronela
        Edwin
      Viviane
        Salma
      Theresa
         Adél
       Ledion
     Katarina
       Andrra
      Laraina
         Maïa
      Niccolò
        Elora
        Darko
       Isalys
        Maely
         Yuna
       Eliara
        Jules
      Clemens
         Batu
       Leonik
        Fadil
      Mirabel
        Anina
      Charlie
     Lauriane
     Valentim
     Lawrence
      Matheus
          Cla
         Enar
      Kristel
       Jannah
       Jérémy
        Naïla
         Nela
        Cosmo
    Archibald
         Gaia
         Tyra
      Liandro
         Joah
    Aureliano
    Philippos
        Elyar
       Héctor
      Joaquim
      Celeste
         Gaël
       Agnese
         Endo
       Julian
        Elios
         Amin
       Tehila
        Yusra
      Pascale
        Titus
        Aisha
        Lamin
        Nayel
     Bérénice
      Samuele
       Mihael
         Ziad
        Aviel
       Leonia
      Gaspard
      Carmelo
       Andrej
          Geo
      Valéria
       Paloma
        Samia
       Sabine
       Javier
        Lenya
      Casimir
      Sereina
         Xhan
        Adina
       Olympe
    Katherine
        Maliq
         Kuno
        Dilan
       Nilaya
        Fenja
        Tilia
    Gian-Luca
      Martina
      Marcell
       Nikola
     Gabrijel
      Rosalía
        Elijo
       Minami
     Nicholas
        Alora
        Eslem
         Nino
       Azalea
    Joséphine
        Loann
      Solyana
       Connor
       Jeanne
        Saden
       Nazlie
       Henrik
          Max
        Lejna
        Mirta
         Anne
        Yigit
        Gioia
       Léonor
      Lennart
     Nayanika
         Loic
       Dersim
         Mino
    Sebastian
         Laya
        Ajden
        Arush
        Flori
         Hans
      Cassian
        Kayan
         Ebba
        Diona
         Mady
        Roger
        Eymen
         Kala
       Izabel
        Navid
      Édouard
        Daisy
        Morin
        Natan
         Doan
    Cassandra
         Bron
      Lilwenn
        Kairo
        Yared
       Maryam
         Enes
          Arb
         Esat
     Scarlett
         Amea
       Mjalta
        Kylie
        Asiya
         Enzo
         Safa
        Robyn
          Nel
        Megan
        Turan
         Máté
      Joschua
      Mafalda
         Mete
         Ciro
    Magdalena
        Elyna
         Lyas
        Ivona
      Mariano
        Zoran
        Devin
        Esmée
        Amine
       Safira
        Siena
         Siro
       Agathe
     Isabelle
        Irina
         Inna
       Melani
       Lennon
          Eid
      Alessya
        Faris
        Neyla
        Nikos
         Jela
        Liano
        Lucía
         Eray
       Joseph
         Liel
      Nicolai
       Štefan
        Cyril
      Chantal
        Munir
       Romano
       Shiloh
          Wim
        Ayman
     Kathleen
        Meret
          Dua
       Divico
       Arsène
        Aiana
        Yahya
       Jannat
       Hector
      Gennaro
        Alexa
       Sander
        Riley
         Yash
        Hemen
        Malin
         Maél
       Kadire
      Fabrice
       Carola
         Aiza
       Ayline
       Elohim
        Adisa
         Aric
        Erina
         Tyam
       Sienna
         Davi
         Edon
     Aurélien
       Giulio
        Zayan
       Mervan
        Abbas
         Sole
       Siméon
          Ema
         Esma
        Mahsa
       Analia
       Matija
        Eyana
       Alayna
    Katharina
         Mena
        Janna
       Morena
      Darijan
         Vinz
      Emilian
        Ethan
        Jonas
       Maissa
          Luc
       Judith
       Lavina
    Aboubacar
       Kornél
     Leonidas
         Pars
       Phoebe
         Kaid
        Arjin
      Alissia
      Timothé
        Ilias
        Neria
         Adil
       Aleksa
         Myra
        Conor
     Benjamim
       Lucian
        Cindy
      Hendrik
        Anine
        Lamek
        Flint
       Adrian
       Eliška
      Firdeus
         Elma
        Jaime
         Ania
      Kayline
         Joye
        Malti
        Ellie
       Marlow
   Franciszek
        Wanja
        Danis
        Artin
         Irma
      Nikodem
          Eya
       Aylina
       Maleya
        Amaël
       Petros
        Aleya
     Maryline
     Kristian
     Ambroise
         Aimo
       Lillie
       Leslie
        Leona
        Yonas
     Nikolaos
       Shreya
       Sofian
    Maddalena
        Alara
         Kiro
           Su
      Mayline
       Malone
      Vanessa
        Amaja
       Aybars
        Indie
       Dorian
    Angélique
        Merle
         Cloe
       Salima
          Pol
          Rea
        Nejla
      Zackary
         Anja
       Lorian
        Maela
    Elizabeth
        Linor
      Ilektra
        Sanna
       Philaé
       Amelio
       Mateus
       Havana
        Lenia
       Gloria
        Jasin
       Lyanna
        Davor
       Aaryan
       Maxine
          Kea
       Naiara
         Niki
        Naomi
         Tibo
        Adèle
        Earta
       Amanda
        Jenna
        Elija
         Lise
        Adele
      Alessia
         Lija
        Vasil
        Fadia
      Rosario
        Thais
        Amjad
        Eloah
        Bruce
        Adyan
        Mirko
         Ayna
         Miya
         Enjo
        Maïly
        Lénie
    Antonella
        Noeli
     Benjamin
         Sarp
        Leïna
      Annette
         Haya
        Robin
        Elana
       Clovis
        Kejan
      Vincent
       Andrey
     Gabriele
      Ismaele
       Palina
       Maksim
       Aurore
         Huda
        Lidya
         Mali
         Alea
      Claudia
        Nayan
        Jusuf
       Margot
        Alkis
         Kacy
         Paco
        Freja
      Richard
      Félicie
       Talina
         Buna
       Camila
         Yago
    Marcelina
     Cristina
       Mattia
         Roni
         Inaê
       Eliane
         Nils
    Benedetta
      Mathias
        Driss
       Ailana
       Bonnie
        Nahia
     Marielle
      Alondra
      Julieta
         Lisa
       Maelie
        Suzie
        Sohan
         Kauã
         Côme
       Amayah
       Camilo
     Antonius
      Théoden
         Indy
       Cyrill
      Dimitri
         Eneo
          Aya
       Joshua
      Adelina
      Adaline
     Giovanna
        Imran
        Iloan
        Arvin
        Adora
      Aruthra
        Qiana
    Fatoumata
         Liza
          Vuk
        Sinja
        Wanda
        Ramon
        Yalda
       Dženan
      Mädchen
       Mascha
          Tom
         Yori
         Aron
    Florentin
       Mégane
        Moena
       Collin
        Tosca
      Gillian
      Isidora
       Arlind
        Anteo
        Noham
        Minou
        Ejona
          Lyv
      Valerio
         Enia
         Eoin
   Ann-Sophie
         Anna
       Farhan
       Xavier
       Lennya
       Assiya
      Marlene
      Nikolaj
      Elkanah
         Ivan
       Maggie
        Arsen
         Evie
        Marin
     Juliette
      Adriana
     Dorothea
         Theo
        Kabir
       Graham
         Rino
       Vivien
         Eyla
        Marla
         Malu
      Matisse
       Ermias
        Mehdi
        Nalea
          Éva
       Atharv
         Izar
          Ann
       Emilio
        Marly
    Valentine
     Wojciech
        Jonin
         Amir
      Louison
      Varvara
       Rinesa
       Jacopo
        Jrena
       Milian
        Aurel
        Auron
        Tirza
       Calvin
 Massimiliano
        Kadir
        Nabil
        Loren
     Carlotta
        Kelly
     Timothée
      Leandro
        Evita
       Ayleen
      Bastien
       Tamara
       Ariela
        Mayla
         Aimé
        Levin
         Sava
        Vukan
      Victory
       Marven
        Yohan
      Barbara
         Vesa
      Anamika
        Glenn
        Shari
      Hermela
      Mélodie
         Kyra
        Mitja
         Iyad
         Eero
        Dawit
      Jillian
          Dea
         Tiar
        Mason
     Charlyne
     Vladimir
       Miguel
          Lea
       Sosuna
        Giuna
         Élia
        Sevde
       Célien
          Mea
        Miloš
      Yannick
        Milea
       Tyrell
        Uriel
      Eugénie
        Raman
        Erian
 [ reached 'max' / getOption("max.print") -- omitted 4314 rows ]

Query Nr. 16
-- Show me all top-1 ranked boy names for in each canton in year 2014.
SELECT bnff.first_name, su.name FROM baby_names_favorite_firstname as bnff JOIN spatial_unit as su ON bnff.spatialunit_uid = su.spatialunit_uid WHERE su.canton = 'TRUE' and bnff.gender = 'boy' and bnff.year = 2014 and bnff.rank = 1;;
 first_name                             name
       Noah              Canton of Solothurn
       Noah       Canton of Basel-Landschaft
       Noah Canton of Appenzell Ausserrhoden
       Noah             Canton of St. Gallen
       Noah                    Canton Aargau
       Noah                   Canton Thurgau
       Noah                 Canton Neuchâtel
     Matteo                    Canton of Zug
     Matteo            Canton of Basel-Stadt
       Leon                 Canton of Zurich
       Leon                 Canton of Schwyz
       Leon           Canton of Schaffhausen
       Leon  Canton of Appenzell Innerrhoden
       Leon                    Canton Aargau
       Luca               Canton of Obwalden
    Gabriel               Canton of Fribourg
    Gabriel                      Canton Vaud
    Gabriel                    Canton Geneva
      Elias              Canton of Nidwalden
      Elias  Canton of Appenzell Innerrhoden
      Louis                 Canton Neuchâtel
   Leonardo                    Canton Ticino
       Nino                Canton Graubünden
     Julian                Canton of Lucerne
       Elia  Canton of Appenzell Innerrhoden
     Samuel                    Canton of Uri
      David                 Canton of Zurich
    Leandro Canton of Appenzell Ausserrhoden
      Levin                   Canton of Bern
      Levin                   Canton Thurgau
      Dario  Canton of Appenzell Innerrhoden
      Robin  Canton of Appenzell Innerrhoden
     Nathan                    Canton Valais
     Nathan                      Canton Jura
        Tim                    Canton of Zug
        Jan  Canton of Appenzell Innerrhoden
      Fabio              Canton of Nidwalden
     Kilian  Canton of Appenzell Innerrhoden
     Andrin                 Canton of Glarus
      Lauro  Canton of Appenzell Innerrhoden
      Simon  Canton of Appenzell Innerrhoden
     Manuel              Canton of Nidwalden

Query Nr. 17
-- Show me all top-1 ranked girl names for in each canton in year 2016. Return me the amount and year as well.
SELECT bnff.first_name, su.name, bnff.amount, bnff.year FROM baby_names_favorite_firstname as bnff JOIN spatial_unit as su ON bnff.spatialunit_uid = su.spatialunit_uid WHERE su.canton = 'TRUE' and bnff.gender = 'girl' and bnff.year = 2016 and bnff.rank = 1;
 first_name                             name amount year
      Sofia                    Canton Ticino     29 2016
       Emma               Canton of Fribourg     18 2016
       Emma              Canton of Solothurn     21 2016
       Emma                      Canton Vaud     46 2016
       Emma                    Canton Valais     25 2016
       Emma                 Canton Neuchâtel     13 2016
       Emma                    Canton Geneva     38 2016
        Mia                 Canton of Zurich     88 2016
        Mia                Canton of Lucerne     36 2016
        Mia                 Canton of Schwyz     17 2016
        Mia           Canton of Schaffhausen      7 2016
        Mia             Canton of St. Gallen     35 2016
        Mia                Canton Graubünden     13 2016
        Mia                    Canton Aargau     46 2016
      Elena                   Canton of Bern     59 2016
        Mia                   Canton Thurgau     20 2016
        Mia                      Canton Jura      6 2016
       Mila       Canton of Basel-Landschaft     17 2016
      Alice                      Canton Vaud     46 2016
       Anna            Canton of Basel-Stadt     12 2016
       Lena                    Canton of Uri      5 2016
        Lea              Canton of Nidwalden      5 2016
        Lea                 Canton of Glarus      5 2016
      Alina                    Canton of Zug     11 2016
      Alina Canton of Appenzell Ausserrhoden      9 2016
      Alina  Canton of Appenzell Innerrhoden      3 2016
     Romina  Canton of Appenzell Innerrhoden      3 2016
      Julia               Canton of Obwalden      5 2016
      Laura  Canton of Appenzell Innerrhoden      3 2016
     Leonie                    Canton of Uri      5 2016
     Leonie       Canton of Basel-Landschaft     17 2016
     Leonie  Canton of Appenzell Innerrhoden      3 2016
       Sara  Canton of Appenzell Innerrhoden      3 2016
      Chloé                      Canton Jura      6 2016

Query Nr. 18
-- Which year has the least registered baby names for all cantons?
SELECT bnff.year, sum(bnff.amount) FROM baby_names_favorite_firstname as bnff JOIN spatial_unit as su ON bnff.spatialunit_uid = su.spatialunit_uid WHERE su.canton = 'TRUE' group by bnff.year ORDER BY sum(bnff.amount) LIMIT 1;
 year   sum
 2003 58976

Query Nr. 19
-- Which year has the most registered baby names for all cantons?
SELECT bnff.year, sum(bnff.amount) FROM baby_names_favorite_firstname as bnff JOIN spatial_unit as su ON bnff.spatialunit_uid = su.spatialunit_uid WHERE su.canton = 'TRUE' group by bnff.year ORDER BY sum(bnff.amount) DESC LIMIT 1;
 year   sum
 2021 77300

Query Nr. 20
-- Show me all amount of baby names in all municipalities.
SELECT bnff.first_name, bnff.amount FROM baby_names_favorite_firstname as bnff JOIN spatial_unit as su ON bnff.spatialunit_uid = su.spatialunit_uid WHERE su.municipal = 'TRUE';
[1] first_name amount    
<0 rows> (or 0-length row.names)
