[1] "Environment: REMOTE, Time: 2023-10-09 10:59:07"

Query Nr. 1
-- Welche Gemeinde in Basel-Landschaft hatte 2022 das teuerste Bauland?
SELECT S.name FROM basel_land_quadratmeterpreis_wohnbauland_nach_gemeinde_und_jahr AS T JOIN spatial_unit AS S ON T.spatialunit_uid = S.spatialunit_uid WHERE S.municipal=TRUE     AND T.jahr=2022 ORDER BY T.quadratmeterpreis_chf DESC LIMIT 1;
         name
 Reinach (BL)

Query Nr. 2
-- Wie viel kostete ein Quadratmeter Wohnbauland in den fünf teuersten Gemeinden von Basel-Landschaft im Jahr 2005?
SELECT S.name, T.quadratmeterpreis_chf FROM basel_land_quadratmeterpreis_wohnbauland_nach_gemeinde_und_jahr AS T JOIN spatial_unit AS S ON T.spatialunit_uid = S.spatialunit_uid WHERE S.municipal=TRUE     AND T.jahr=2005 ORDER BY T.quadratmeterpreis_chf DESC LIMIT 5;
         name quadratmeterpreis_chf
    Binningen                  1264
    Arlesheim                  1045
 Oberwil (BL)                   983
      Therwil                   923
  Biel-Benken                   891

Query Nr. 3
-- In welcher Gemeinde des Kantons Basel-Landschaft ist der Preis für Wohnbauland zwischen 2010 und 2020 am stärksten gestiegen, und um wie viel ist er gestiegen?
SELECT     S.name,     (         SUM(CASE WHEN T.jahr=2020 THEN T.quadratmeterpreis_chf ELSE 0 END) -         SUM(CASE WHEN T.jahr=2010 THEN T.quadratmeterpreis_chf ELSE 0 END)     ) AS preisanderung_chf FROM basel_land_quadratmeterpreis_wohnbauland_nach_gemeinde_und_jahr AS T JOIN spatial_unit AS S ON T.spatialunit_uid = S.spatialunit_uid WHERE S.municipal=TRUE     AND T.jahr IN (2010, 2020) GROUP BY S.name ORDER BY preisanderung_chf DESC LIMIT 1;
         name preisanderung_chf
 Reinach (BL)               943

Query Nr. 4
-- Welche Gemeinden in Basel-Landschaft hatten zwischen 2015 und 2019 einen Rückgang der Wohnbaulandpreise? Zeigen Sie auch die Preisänderungen an.
SELECT T1.name, T1.preisanderung_chf FROM (     SELECT         S.name,         (             SUM(CASE WHEN T.jahr=2019 THEN T.quadratmeterpreis_chf ELSE 0 END) -             SUM(CASE WHEN T.jahr=2015 THEN T.quadratmeterpreis_chf ELSE 0 END)         ) AS preisanderung_chf     FROM basel_land_quadratmeterpreis_wohnbauland_nach_gemeinde_und_jahr AS T     JOIN spatial_unit AS S ON T.spatialunit_uid = S.spatialunit_uid     WHERE S.municipal=TRUE         AND T.jahr<=2015         AND T.jahr<=2019     GROUP BY S.name ) as T1 WHERE T1.preisanderung_chf < 0 ORDER BY T1.preisanderung_chf ASC ;
            name preisanderung_chf
      Bottmingen             -1998
       Binningen             -1966
    Oberwil (BL)             -1701
    Reinach (BL)             -1599
      Aesch (BL)             -1386
        Ettingen             -1360
       Arlesheim             -1298
       Allschwil             -1257
         Muttenz             -1212
     Biel-Benken             -1195
      Pfeffingen             -1100
     Frenkendorf             -1100
         Liestal             -1064
        Pratteln              -962
       Bubendorf              -803
         Sissach              -768
       Lupsingen              -690
    Gelterkinden              -687
         Thürnen              -652
         Böckten              -646
     Ramlinsburg              -602
          Laufen              -580
     Reigoldswil              -485
        Röschenz              -477
          Ziefen              -464
         Zwingen              -459
 Rickenbach (BL)              -419
          Blauen              -417
   Oberdorf (BL)              -412
     Diepflingen              -407
        Brislach              -396

Query Nr. 5
-- Wie viele Wohnbauländer wurden 2018 in Basel-Landschaft gekauft?
SELECT SUM(T.falle) FROM basel_land_quadratmeterpreis_wohnbauland_nach_gemeinde_und_jahr AS T WHERE T.jahr=2018;
 sum
 220

Query Nr. 6
-- In welchem Jahr wurde die meiste Wohnfläche im Kanton Basel-Landschaft gekauft?
SELECT T.jahr FROM basel_land_quadratmeterpreis_wohnbauland_nach_gemeinde_und_jahr AS T GROUP BY T.jahr ORDER BY SUM(T.flache_in_m2) DESC LIMIT 1;
 jahr
 1999

Query Nr. 7
-- Wie viel Wohnbauland wurde zwischen 2010 und 2012 in Pratteln, BL, gekauft?
SELECT SUM(T.flache_in_m2) as gesamt_flache_in_m2 FROM basel_land_quadratmeterpreis_wohnbauland_nach_gemeinde_und_jahr AS T JOIN spatial_unit AS S ON T.spatialunit_uid = S.spatialunit_uid WHERE S.name IN ('Pratteln', 'Pratteln (BL)')     AND T.jahr>=2010     AND T.jahr<=2012;
 gesamt_flache_in_m2
                9900

Query Nr. 8
-- Zeigen Sie mir den Preis für Wohnbauland in Muttenz, Birsfelden und Schonenbuch, in Basel-Landschaft im Jahr 1983.
SELECT S.name, T.quadratmeterpreis_chf FROM basel_land_quadratmeterpreis_wohnbauland_nach_gemeinde_und_jahr AS T JOIN spatial_unit AS S ON T.spatialunit_uid = S.spatialunit_uid WHERE T.jahr=1983     AND S.name IN ('Muttenz', 'Muttens (BL)', 'Bottmingen', 'Bottmingen (BL)', 'Binningen', 'Binningen (BL)');
       name quadratmeterpreis_chf
  Binningen                   383
 Bottmingen                   390
    Muttenz                   343

Query Nr. 9
-- Zeigen Sie mir den Preis für Wohnbauland in Basel-Landschaft, dessen Name mit A beginnt, im Jahr 2012.
SELECT S.name, T.quadratmeterpreis_chf FROM basel_land_quadratmeterpreis_wohnbauland_nach_gemeinde_und_jahr AS T JOIN spatial_unit AS S ON T.spatialunit_uid = S.spatialunit_uid WHERE T.jahr=2008     AND S.name LIKE 'A%' LIMIT 10;
       name quadratmeterpreis_chf
 Aesch (BL)                   678
 Arboldswil                   333

Query Nr. 10
-- Wie hoch war der Preis für Wohnbauland in Aesch im Jahr 1979 und 2020?
SELECT T.jahr, T.quadratmeterpreis_chf FROM basel_land_quadratmeterpreis_wohnbauland_nach_gemeinde_und_jahr AS T JOIN spatial_unit AS S ON T.spatialunit_uid = S.spatialunit_uid WHERE S.name IN ('Aesch', 'Aesch (BL)')     AND T.jahr IN (1980, 2020) LIMIT 10;
 jahr quadratmeterpreis_chf
 1980                   214
 2020                  1541
